⏰我想你了。
🍚给别人条活路吧，别打扮了，美到窒息了。
🍵春宵苦短 肉才是济世良方
🍺有些人一旦错过了，真特么谢天谢地。
⛵
1$ USD                6.9132¥ CNY
⛽湖北
 92#(¥7.80) 95#(¥8.35) 98#(¥9.34)
☯☯☯☯☯☯☯☯☯☯☯☯☯
农历      [2023-2-13]   
🎁             
二月      十三      仲春      兔
癸卯      甲寅      辛酉
火      金箔金      大溪水
神位 喜神：西南 福神：西北 财神：正东阳贵：东北 阴贵：正南 
胎神 厨灶莫相干,大门修当避,占在门胎神在外东南停留6天
🔻煞    鸡日冲(乙卯)兔   岁煞东
🈲不宜  日值岁破 大事不宜
🉑适宜  日值岁破 大事不宜
=================================
=           SUIZHOU             =
=================================
6℃    <   2023-03-04    <   26℃
日出06:51                18:28日落
湿度                          49%
白天  -->   晴
夜间  -->   晴
紫外线 -->   5
---------------------------------
7℃    <   2023-03-05    <   27℃
日出06:50                18:29日落
湿度                          43%
白天  -->   晴
夜间  -->   晴
紫外线 -->   5
---------------------------------
10℃    <   2023-03-06    <   26℃
日出06:48                18:29日落
湿度                          89%
白天  -->   晴
夜间  -->   晴
紫外线 -->   6
---------------------------------
8℃    <   2023-03-07    <   23℃
日出06:47                18:30日落
湿度                          77%
白天  -->   晴
夜间  -->   多云
紫外线 -->   2
---------------------------------
9℃    <   2023-03-08    <   28℃
日出06:46                18:31日落
湿度                          67%
白天  -->   晴
夜间  -->   多云
紫外线 -->   6
---------------------------------
11℃    <   2023-03-09    <   30℃
日出06:45                18:32日落
湿度                          26%
白天  -->   晴
夜间  -->   晴
紫外线 -->   6
---------------------------------
14℃    <   2023-03-10    <   30℃
日出06:44                18:32日落
湿度                          83%
白天  -->   多云
夜间  -->   多云
紫外线 -->   5
---------------------------------
=================================
=           HANGZHOU            =
=================================
6.0℃  <   2023-03-04   <  18.5℃
日出06:22:45          17:59:45日落
相对湿度                     56.8%
无雨
清晰的
明确的条件。
---------------------------------
9.8℃  <   2023-03-05   <  22.1℃
日出06:21:37          18:00:27日落
相对湿度                     45.8%
无雨
清晰的
明确的条件。
---------------------------------
10.9℃  <   2023-03-06   <  22.8℃
日出06:20:29          18:01:08日落
相对湿度                     46.7%
无雨
部分多云
部分多云的白天。
---------------------------------
12.3℃  <   2023-03-07   <  23.6℃
日出06:19:20          18:01:49日落
相对湿度                     44.5%
无雨
部分多云
部分多云的白天。
---------------------------------
15.8℃  <   2023-03-08   <  22.5℃
日出06:18:11          18:02:29日落
相对湿度                     57.4%
无雨
部分多云
下午清理。
---------------------------------
14.5℃  <   2023-03-09   <  24.5℃
日出06:17:01          18:03:09日落
相对湿度                     62.0%
无雨
部分多云
部分多云的白天。
---------------------------------
15.6℃  <   2023-03-10   <  26.4℃
日出06:15:51          18:03:49日落
相对湿度                     55.3%
无雨
部分多云
部分多云的白天。
---------------------------------